000 (36570001.000.000) 2026-01-15 09:42:54 Job submitted from host: <10.5.0.107:9618?addrs=10.5.0.107-9618&alias=sugwg-login.syr.edu&noUDP&sock=schedd_1318_9de9>
...
001 (36570001.000.000) 2026-01-15 09:43:14 Job executing on host: <10.5.207.68:9618?addrs=10.5.207.68-9618&alias=CRUSH-OG-10-5-207-68&noUDP&sock=startd_1936871_fb82>
...
006 (36570001.000.000) 2026-01-15 09:43:22 Image size of job updated: 2396492
	91  -  MemoryUsage of job (MB)
	92412  -  ResidentSetSize of job (KB)
...
006 (36570001.000.000) 2026-01-15 09:44:32 Image size of job updated: 6783024
	91  -  MemoryUsage of job (MB)
	92412  -  ResidentSetSize of job (KB)
...
005 (36570001.000.000) 2026-01-15 09:44:32 Job terminated.
	(1) Normal termination (return value 134)
		Usr 0 00:01:16, Sys 0 00:00:01  -  Run Remote Usage
		Usr 0 00:00:00, Sys 0 00:00:00  -  Run Local Usage
		Usr 0 00:01:16, Sys 0 00:00:01  -  Total Remote Usage
		Usr 0 00:00:00, Sys 0 00:00:00  -  Total Local Usage
	0  -  Run Bytes Sent By Job
	0  -  Run Bytes Received By Job
	0  -  Total Bytes Sent By Job
	0  -  Total Bytes Received By Job
	Partitionable Resources :    Usage  Request Allocated 
	   Cpus                 :     1.00       32        32 
	   Disk (KB)            :     1    25165824  25182214 
	   Memory (MB)          :    91       65536     65536 

	Job terminated of its own accord at 2026-01-15T14:44:32Z with exit-code 134.
...
